Compiling the C compiler identification source file "CMakeCCompilerId.c" failed.
Compiler: C:/gnu_arm_embedded/bin/arm-none-eabi-gcc.exe 
Build flags: 
Id flags:  

The output was:
1
c:/gnu_arm_embedded/bin/../lib/gcc/arm-none-eabi/9.2.1/../../../../arm-none-eabi/bin/ld.exe: c:/gnu_arm_embedded/bin/../lib/gcc/arm-none-eabi/9.2.1/../../../../arm-none-eabi/lib\libc.a(lib_a-exit.o): in function `exit':
exit.c:(.text.exit+0x2c): undefined reference to `_exit'
collect2.exe: error: ld returned 1 exit status


Compiling the CXX compiler identification source file "CMakeCXXCompilerId.cpp" failed.
Compiler: C:/gnu_arm_embedded/bin/arm-none-eabi-g++.exe 
Build flags: 
Id flags:  

The output was:
1
c:/gnu_arm_embedded/bin/../lib/gcc/arm-none-eabi/9.2.1/../../../../arm-none-eabi/bin/ld.exe: c:/gnu_arm_embedded/bin/../lib/gcc/arm-none-eabi/9.2.1/../../../../arm-none-eabi/lib\libc.a(lib_a-exit.o): in function `exit':
exit.c:(.text.exit+0x2c): undefined reference to `_exit'
collect2.exe: error: ld returned 1 exit status


Determining if the C compiler works failed with the following output:
Change Dir: D:/Projects/ZE/zephyrproject/modules/umdom/stm32_uart3_dma1_ch2_3/build/CMakeFiles/CMakeTmp

Run Build Command(s):C:/ProgramData/chocolatey/bin/ninja.exe cmTC_26314 && [1/2] Building C object CMakeFiles/cmTC_26314.dir/testCCompiler.c.obj
[2/2] Linking C executable cmTC_26314.exe
FAILED: cmTC_26314.exe 
cmd.exe /C "cd . && C:\gnu_arm_embedded\bin\arm-none-eabi-gcc.exe    CMakeFiles/cmTC_26314.dir/testCCompiler.c.obj  -o cmTC_26314.exe -Wl,--out-implib,libcmTC_26314.dll.a -Wl,--major-image-version,0,--minor-image-version,0   && cd ."
c:/gnu_arm_embedded/bin/../lib/gcc/arm-none-eabi/9.2.1/../../../../arm-none-eabi/bin/ld.exe: unrecognized option '--major-image-version'
c:/gnu_arm_embedded/bin/../lib/gcc/arm-none-eabi/9.2.1/../../../../arm-none-eabi/bin/ld.exe: use the --help option for usage information
collect2.exe: error: ld returned 1 exit status
ninja: build stopped: subcommand failed.



